This is pdfTeX, Version 3.14159265-2.6-1.40.21 (TeX Live 2020) (preloaded format=pdflatex 2021.3.27)  16 MAY 2021 21:25
entering extended mode
 restricted \write18 enabled.
 file:line:error style messages enabled.
 %&-line parsing enabled.
**report.tex
(./report.tex
LaTeX2e <2020-02-02> patch level 5
L3 programming layer <2020-03-06>
(/usr/local/texlive/2020/texmf-dist/tex/latex/IEEEtran/IEEEtran.cls
Document Class: IEEEtran 2015/08/26 V1.8b by Michael Shell
-- See the "IEEEtran_HOWTO" manual for usage information.
-- http://www.michaelshell.org/tex/ieeetran/
\@IEEEtrantmpdimenA=\dimen134
\@IEEEtrantmpdimenB=\dimen135
\@IEEEtrantmpdimenC=\dimen136
\@IEEEtrantmpcountA=\count167
\@IEEEtrantmpcountB=\count168
\@IEEEtrantmpcountC=\count169
\@IEEEtrantmptoksA=\toks15
LaTeX Font Info:    Trying to load font information for OT1+ptm on input line 5
03.
(/usr/local/texlive/2020/texmf-dist/tex/latex/psnfss/ot1ptm.fd
File: ot1ptm.fd 2001/06/04 font definitions for OT1/ptm.
)
-- Using 8.5in x 11in (letter) paper.
-- Using PDF output.
\@IEEEnormalsizeunitybaselineskip=\dimen137
-- This is an 11 point document.
\CLASSINFOnormalsizebaselineskip=\dimen138
\CLASSINFOnormalsizeunitybaselineskip=\dimen139
\IEEEnormaljot=\dimen140
LaTeX Font Info:    Font shape `OT1/ptm/bx/n' in size <6> not available
(Font)              Font shape `OT1/ptm/b/n' tried instead on input line 1090.
LaTeX Font Info:    Font shape `OT1/ptm/bx/it' in size <6> not available
(Font)              Font shape `OT1/ptm/b/it' tried instead on input line 1090.

LaTeX Font Info:    Font shape `OT1/ptm/bx/n' in size <8> not available
(Font)              Font shape `OT1/ptm/b/n' tried instead on input line 1090.
LaTeX Font Info:    Font shape `OT1/ptm/bx/it' in size <8> not available
(Font)              Font shape `OT1/ptm/b/it' tried instead on input line 1090.

LaTeX Font Info:    Font shape `OT1/ptm/bx/n' in size <9> not available
(Font)              Font shape `OT1/ptm/b/n' tried instead on input line 1090.
LaTeX Font Info:    Font shape `OT1/ptm/bx/it' in size <9> not available
(Font)              Font shape `OT1/ptm/b/it' tried instead on input line 1090.

LaTeX Font Info:    Font shape `OT1/ptm/bx/n' in size <10> not available
(Font)              Font shape `OT1/ptm/b/n' tried instead on input line 1090.
LaTeX Font Info:    Font shape `OT1/ptm/bx/it' in size <10> not available
(Font)              Font shape `OT1/ptm/b/it' tried instead on input line 1090.

LaTeX Font Info:    Font shape `OT1/ptm/bx/n' in size <11> not available
(Font)              Font shape `OT1/ptm/b/n' tried instead on input line 1090.
LaTeX Font Info:    Font shape `OT1/ptm/bx/it' in size <11> not available
(Font)              Font shape `OT1/ptm/b/it' tried instead on input line 1090.

LaTeX Font Info:    Font shape `OT1/ptm/bx/n' in size <12> not available
(Font)              Font shape `OT1/ptm/b/n' tried instead on input line 1090.
LaTeX Font Info:    Font shape `OT1/ptm/bx/it' in size <12> not available
(Font)              Font shape `OT1/ptm/b/it' tried instead on input line 1090.

LaTeX Font Info:    Font shape `OT1/ptm/bx/n' in size <17> not available
(Font)              Font shape `OT1/ptm/b/n' tried instead on input line 1090.
LaTeX Font Info:    Font shape `OT1/ptm/bx/it' in size <17> not available
(Font)              Font shape `OT1/ptm/b/it' tried instead on input line 1090.

LaTeX Font Info:    Font shape `OT1/ptm/bx/n' in size <20> not available
(Font)              Font shape `OT1/ptm/b/n' tried instead on input line 1090.
LaTeX Font Info:    Font shape `OT1/ptm/bx/it' in size <20> not available
(Font)              Font shape `OT1/ptm/b/it' tried instead on input line 1090.

LaTeX Font Info:    Font shape `OT1/ptm/bx/n' in size <24> not available
(Font)              Font shape `OT1/ptm/b/n' tried instead on input line 1090.
LaTeX Font Info:    Font shape `OT1/ptm/bx/it' in size <24> not available
(Font)              Font shape `OT1/ptm/b/it' tried instead on input line 1090.

\IEEEquantizedlength=\dimen141
\IEEEquantizedlengthdiff=\dimen142
\IEEEquantizedtextheightdiff=\dimen143
\IEEEilabelindentA=\dimen144
\IEEEilabelindentB=\dimen145
\IEEEilabelindent=\dimen146
\IEEEelabelindent=\dimen147
\IEEEdlabelindent=\dimen148
\IEEElabelindent=\dimen149
\IEEEiednormlabelsep=\dimen150
\IEEEiedmathlabelsep=\dimen151
\IEEEiedtopsep=\skip47
\c@section=\count170
\c@subsection=\count171
\c@subsubsection=\count172
\c@paragraph=\count173
\c@IEEEsubequation=\count174
\abovecaptionskip=\skip48
\belowcaptionskip=\skip49
\c@figure=\count175
\c@table=\count176
\@IEEEeqnnumcols=\count177
\@IEEEeqncolcnt=\count178
\@IEEEsubeqnnumrollback=\count179
\@IEEEquantizeheightA=\dimen152
\@IEEEquantizeheightB=\dimen153
\@IEEEquantizeheightC=\dimen154
\@IEEEquantizeprevdepth=\dimen155
\@IEEEquantizemultiple=\count180
\@IEEEquantizeboxA=\box45
\@IEEEtmpitemindent=\dimen156
\IEEEPARstartletwidth=\dimen157
\c@IEEEbiography=\count181
\@IEEEtranrubishbin=\box46
) (/usr/local/texlive/2020/texmf-dist/tex/latex/graphics/graphicx.sty
Package: graphicx 2019/11/30 v1.2a Enhanced LaTeX Graphics (DPC,SPQR)

(/usr/local/texlive/2020/texmf-dist/tex/latex/graphics/keyval.sty
Package: keyval 2014/10/28 v1.15 key=value parser (DPC)
\KV@toks@=\toks16
)
(/usr/local/texlive/2020/texmf-dist/tex/latex/graphics/graphics.sty
Package: graphics 2019/11/30 v1.4a Standard LaTeX Graphics (DPC,SPQR)

(/usr/local/texlive/2020/texmf-dist/tex/latex/graphics/trig.sty
Package: trig 2016/01/03 v1.10 sin cos tan (DPC)
)
(/usr/local/texlive/2020/texmf-dist/tex/latex/graphics-cfg/graphics.cfg
File: graphics.cfg 2016/06/04 v1.11 sample graphics configuration
)
Package graphics Info: Driver file: pdftex.def on input line 105.

(/usr/local/texlive/2020/texmf-dist/tex/latex/graphics-def/pdftex.def
File: pdftex.def 2018/01/08 v1.0l Graphics/color driver for pdftex
))
\Gin@req@height=\dimen158
\Gin@req@width=\dimen159
)
(/usr/local/texlive/2020/texmf-dist/tex/latex/caption/caption.sty
Package: caption 2020/01/03 v3.4h Customizing captions (AR)

(/usr/local/texlive/2020/texmf-dist/tex/latex/caption/caption3.sty
Package: caption3 2020/01/03 v1.8h caption3 kernel (AR)
Package caption3 Info: TeX engine: e-TeX on input line 61.
\captionmargin=\dimen160
\captionmargin@=\dimen161
\captionwidth=\dimen162
\caption@tempdima=\dimen163
\caption@indent=\dimen164
\caption@parindent=\dimen165
\caption@hangindent=\dimen166
Package caption Info: Unknown document class (or package),
(caption)             standard defaults will be used.
Package caption Info: \@makecaption = \long macro:#1#2->\ifx \@captype \@IEEEta
blestring \footnotesize \bgroup \par \centering \@IEEEtabletopskipstrut {\norma
lfont \footnotesize #1}\\{\normalfont \footnotesize \scshape #2}\par \addvspace
 {0.5\baselineskip }\egroup \@IEEEtablecaptionsepspace \else \@IEEEfigurecaptio
nsepspace \setbox \@tempboxa \hbox {\normalfont \footnotesize {#1.}\nobreakspac
e \nobreakspace #2}\ifdim \wd \@tempboxa >\hsize \setbox \@tempboxa \hbox {\nor
malfont \footnotesize {#1.}\nobreakspace \nobreakspace }\parbox [t]{\hsize }{\n
ormalfont \footnotesize \noindent \unhbox \@tempboxa #2}\else \ifCLASSOPTIONcon
ference \hbox to\hsize {\normalfont \footnotesize \hfil \box \@tempboxa \hfil }
\else \hbox to\hsize {\normalfont \footnotesize \box \@tempboxa \hfil }\fi \fi 
\fi  on input line 1082.
)

Package caption Warning: Unknown document class (or package),
(caption)                standard defaults will be used.
See the caption package documentation for explanation.

\c@caption@flags=\count182
\c@continuedfloat=\count183
) (/usr/local/texlive/2020/texmf-dist/tex/latex/caption/subcaption.sty
Package: subcaption 2020/01/22 v1.3d Sub-captions (AR)
\c@subfigure=\count184
\c@subtable=\count185
)
(/usr/local/texlive/2020/texmf-dist/tex/latex/l3backend/l3backend-pdfmode.def
File: l3backend-pdfmode.def 2020-03-12 L3 backend support: PDF mode
\l__kernel_color_stack_int=\count186
\l__pdf_internal_box=\box47
)
(./report.aux)
\openout1 = `report.aux'.

LaTeX Font Info:    Checking defaults for OML/cmm/m/it on input line 9.
LaTeX Font Info:    ... okay on input line 9.
LaTeX Font Info:    Checking defaults for OMS/cmsy/m/n on input line 9.
LaTeX Font Info:    ... okay on input line 9.
LaTeX Font Info:    Checking defaults for OT1/cmr/m/n on input line 9.
LaTeX Font Info:    ... okay on input line 9.
LaTeX Font Info:    Checking defaults for T1/cmr/m/n on input line 9.
LaTeX Font Info:    ... okay on input line 9.
LaTeX Font Info:    Checking defaults for TS1/cmr/m/n on input line 9.
LaTeX Font Info:    ... okay on input line 9.
LaTeX Font Info:    Checking defaults for OMX/cmex/m/n on input line 9.
LaTeX Font Info:    ... okay on input line 9.
LaTeX Font Info:    Checking defaults for U/cmr/m/n on input line 9.
LaTeX Font Info:    ... okay on input line 9.

-- Lines per column: 50 (exact).
(/usr/local/texlive/2020/texmf-dist/tex/context/base/mkii/supp-pdf.mkii
[Loading MPS to PDF converter (version 2006.09.02).]
\scratchcounter=\count187
\scratchdimen=\dimen167
\scratchbox=\box48
\nofMPsegments=\count188
\nofMParguments=\count189
\everyMPshowfont=\toks17
\MPscratchCnt=\count190
\MPscratchDim=\dimen168
\MPnumerator=\count191
\makeMPintoPDFobject=\count192
\everyMPtoPDFconversion=\toks18
) (/usr/local/texlive/2020/texmf-dist/tex/latex/epstopdf-pkg/epstopdf-base.sty
Package: epstopdf-base 2020-01-24 v2.11 Base part for package epstopdf
Package epstopdf-base Info: Redefining graphics rule for `.eps' on input line 4
85.

(/usr/local/texlive/2020/texmf-dist/tex/latex/latexconfig/epstopdf-sys.cfg
File: epstopdf-sys.cfg 2010/07/13 v1.3 Configuration of (r)epstopdf for TeX Liv
e
))
Package caption Info: Begin \AtBeginDocument code.
Package caption Info: End \AtBeginDocument code.

Underfull \hbox (badness 2644) in paragraph at lines 48--49
[]\OT1/ptm/m/n/11 Similarly Zargar et al. [[]] in-ter-pret per-spec-tive
 []

[1{/usr/local/texlive/2020/texmf-var/fonts/map/pdftex/updmap/pdftex.map}


]
LaTeX Font Info:    Calculating math sizes for size <11> on input line 64.
LaTeX Font Info:    External font `cmex10' loaded for size
(Font)              <11> on input line 64.
LaTeX Font Info:    External font `cmex10' loaded for size
(Font)              <7.69997> on input line 64.
LaTeX Font Info:    External font `cmex10' loaded for size
(Font)              <5.5> on input line 64.
<./images/s1.png, id=10, 594.22pt x 400.49625pt>
File: ./images/s1.png Graphic file (type png)
<use ./images/s1.png>
Package pdftex.def Info: ./images/s1.png  used on input line 93.
(pdftex.def)             Requested size: 123.84283pt x 83.46503pt.
<./images/s2.png, id=12, 571.13374pt x 389.455pt>
File: ./images/s2.png Graphic file (type png)
<use ./images/s2.png>
Package pdftex.def Info: ./images/s2.png  used on input line 100.
(pdftex.def)             Requested size: 123.84283pt x 84.44429pt.

[2 <./images/s1.png> <./images/s2.png>]
<./images/tem1.png, id=22, 11.5632pt x 15.4176pt>
File: ./images/tem1.png Graphic file (type png)
<use ./images/tem1.png>
Package pdftex.def Info: ./images/tem1.png  used on input line 119.
(pdftex.def)             Requested size: 77.39685pt x 103.20149pt.
<./images/tem2.png, id=23, 27.10126pt x 44.165pt>
File: ./images/tem2.png Graphic file (type png)
<use ./images/tem2.png>
Package pdftex.def Info: ./images/tem2.png  used on input line 126.
(pdftex.def)             Requested size: 77.39685pt x 126.16261pt.
<./images/tem3.png, id=24, 31.11626pt x 46.1725pt>
File: ./images/tem3.png Graphic file (type png)
<use ./images/tem3.png>
Package pdftex.def Info: ./images/tem3.png  used on input line 132.
(pdftex.def)             Requested size: 77.39685pt x 114.8715pt.
<./images/t1.png, id=25, 618.31pt x 422.57875pt>
File: ./images/t1.png Graphic file (type png)
<use ./images/t1.png>
Package pdftex.def Info: ./images/t1.png  used on input line 147.
(pdftex.def)             Requested size: 123.84283pt x 84.63676pt.
<./images/t2.png, id=26, 513.92pt x 374.39874pt>
File: ./images/t2.png Graphic file (type png)
<use ./images/t2.png>
Package pdftex.def Info: ./images/t2.png  used on input line 154.
(pdftex.def)             Requested size: 123.84283pt x 90.21744pt.
<./images/t3.png, id=27, 522.95375pt x 342.27875pt>
File: ./images/t3.png Graphic file (type png)
<use ./images/t3.png>
Package pdftex.def Info: ./images/t3.png  used on input line 160.
(pdftex.def)             Requested size: 123.84283pt x 81.057pt.
<./images/t4.png, id=28, 562.1pt x 425.59pt>
File: ./images/t4.png Graphic file (type png)
<use ./images/t4.png>
Package pdftex.def Info: ./images/t4.png  used on input line 167.
(pdftex.def)             Requested size: 123.84283pt x 93.76645pt.


LaTeX Warning: `h' float specifier changed to `ht'.

[3 <./images/tem1.png> <./images/tem2.png> <./images/tem3.png> <./images/t1.png
> <./images/t2.png> <./images/t3.png> <./images/t4.png>]
<./images/l1.png, id=39, 596.2275pt x 396.48125pt>
File: ./images/l1.png Graphic file (type png)
<use ./images/l1.png>
Package pdftex.def Info: ./images/l1.png  used on input line 189.
(pdftex.def)             Requested size: 123.84283pt x 82.34999pt.
<./images/l2.png, id=40, 610.28pt x 420.57124pt>
File: ./images/l2.png Graphic file (type png)
<use ./images/l2.png>
Package pdftex.def Info: ./images/l2.png  used on input line 196.
(pdftex.def)             Requested size: 123.84283pt x 85.3449pt.
<./images/l3.png, id=41, 490.83376pt x 324.21124pt>
File: ./images/l3.png Graphic file (type png)
<use ./images/l3.png>
Package pdftex.def Info: ./images/l3.png  used on input line 202.
(pdftex.def)             Requested size: 123.84283pt x 81.7996pt.
<./images/l4.png, id=42, 493.845pt x 326.21875pt>
File: ./images/l4.png Graphic file (type png)
<use ./images/l4.png>
Package pdftex.def Info: ./images/l4.png  used on input line 209.
(pdftex.def)             Requested size: 123.84283pt x 81.80336pt.
<./images/manualseg.png, id=43, 494.84875pt x 327.2225pt>
File: ./images/manualseg.png Graphic file (type png)
<use ./images/manualseg.png>
Package pdftex.def Info: ./images/manualseg.png  used on input line 251.
(pdftex.def)             Requested size: 118.6778pt x 78.47508pt.
<./images/outputseg.png, id=44, 494.84875pt x 327.2225pt>
File: ./images/outputseg.png Graphic file (type png)
<use ./images/outputseg.png>
Package pdftex.def Info: ./images/outputseg.png  used on input line 258.
(pdftex.def)             Requested size: 118.6778pt x 78.47508pt.
 [4 <./images/l1.png> <./images/l2.png> <./images/l3.png> <./images/l4.png> <./
images/manualseg.png> <./images/outputseg.png (PNG copy)>]
<./images/ocrprior.png, id=53, 784.9325pt x 684.5575pt>
File: ./images/ocrprior.png Graphic file (type png)
<use ./images/ocrprior.png>
Package pdftex.def Info: ./images/ocrprior.png  used on input line 278.
(pdftex.def)             Requested size: 206.39685pt x 179.99672pt.
<./images/textrec.png, id=54, 785.93625pt x 686.565pt>
File: ./images/textrec.png Graphic file (type png)
<use ./images/textrec.png>
Package pdftex.def Info: ./images/textrec.png  used on input line 285.
(pdftex.def)             Requested size: 206.39685pt x 180.2941pt.
<./images/tri1.png, id=55, 531.9875pt x 140.525pt>
File: ./images/tri1.png Graphic file (type png)
<use ./images/tri1.png>
Package pdftex.def Info: ./images/tri1.png  used on input line 303.
(pdftex.def)             Requested size: 232.19843pt x 61.33371pt.
<./images/tri2.png, id=56, 402.50375pt x 412.54124pt>
File: ./images/tri2.png Graphic file (type png)
<use ./images/tri2.png>
Package pdftex.def Info: ./images/tri2.png  used on input line 310.
(pdftex.def)             Requested size: 232.19843pt x 237.98993pt.
 [5 <./images/ocrprior.png> <./images/textrec.png> <./images/tri1.png> <./image
s/tri2.png>]
Underfull \hbox (badness 1629) in paragraph at lines 322--323
[]\OT1/ptm/m/n/11 Pencil sketches of map lay-outs were seg-mented
 []


Underfull \hbox (badness 2111) in paragraph at lines 322--323
\OT1/ptm/m/n/11 flood fill-ing be-tween pen-cil. Text recog-ni-tion was
 []

[6] (./report.bbl
Underfull \hbox (badness 1527) in paragraph at lines 26--30
\OT1/ptm/m/n/9 ni-tion with tesser-act,'' 2018. [On-line]. Avail-
 []

)

** Conference Paper **
Before submitting the final camera ready copy, remember to:

 1. Manually equalize the lengths of two columns on the last page
 of your paper;

 2. Ensure that any PostScript and/or PDF output post-processing
 uses only Type 1 fonts and that every step in the generation
 process uses the appropriate paper size.

[7] (./report.aux) ) 
Here is how much of TeX's memory you used:
 3351 strings out of 480608
 58162 string characters out of 5903630
 299874 words of memory out of 5000000
 19260 multiletter control sequences out of 15000+600000
 564718 words of font info for 77 fonts, out of 8000000 for 9000
 1141 hyphenation exceptions out of 8191
 41i,7n,42p,1203b,420s stack positions out of 5000i,500n,10000p,200000b,80000s
{/usr/local/texlive/2020/texmf-dist/fonts/enc/dvips/base/8r
.enc}</usr/local/texlive/2020/texmf-dist/fonts/type1/public/amsfonts/cm/cmmi10.
pfb></usr/local/texlive/2020/texmf-dist/fonts/type1/public/amsfonts/cm/cmr10.pf
b></usr/local/texlive/2020/texmf-dist/fonts/type1/public/amsfonts/cm/cmr8.pfb><
/usr/local/texlive/2020/texmf-dist/fonts/type1/public/amsfonts/cm/cmsy10.pfb></
usr/local/texlive/2020/texmf-dist/fonts/type1/public/amsfonts/cm/cmsy8.pfb></us
r/local/texlive/2020/texmf-dist/fonts/type1/urw/times/utmb8a.pfb></usr/local/te
xlive/2020/texmf-dist/fonts/type1/urw/times/utmbi8a.pfb></usr/local/texlive/202
0/texmf-dist/fonts/type1/urw/times/utmr8a.pfb></usr/local/texlive/2020/texmf-di
st/fonts/type1/urw/times/utmri8a.pfb>
Output written on report.pdf (7 pages, 3527464 bytes).
PDF statistics:
 102 PDF objects out of 1000 (max. 8388607)
 47 compressed objects within 1 object stream
 0 named destinations out of 1000 (max. 500000)
 96 words of extra memory for PDF output out of 10000 (max. 10000000)

